mkdir: cannot create directory ‘expr’: File exists
Random Seed:  9448
Namespace(adadelta=True, adam=False, batchSize=64, beta1=0.9, crnn='', cuda=True, displayInterval=50, experiment='expr', imgH=32, imgW=256, keep_ratio=False, lr=0.0001, manualSeed=9448, n_test_disp=5, ngpu=1, nh=256, niter=100, random_sample=True, saveInterval=100000, trainroot='../train/', valInterval=1000, valroot='../val/', workers=6)
CRNN (
  (cnn): Sequential (
    (conv0): Conv2d(1, 64, kernel_size=(3, 3), stride=(1, 1), padding=(1, 1))
    (relu0): ReLU (inplace)
    (pooling0): MaxPool2d (size=(2, 2), stride=(2, 2), dilation=(1, 1))
    (conv1): Conv2d(64, 128, kernel_size=(3, 3), stride=(1, 1), padding=(1, 1))
    (relu1): ReLU (inplace)
    (pooling1): MaxPool2d (size=(2, 2), stride=(2, 2), dilation=(1, 1))
    (conv2): Conv2d(128, 256, kernel_size=(3, 3), stride=(1, 1), padding=(1, 1))
    (batchnorm2): BatchNorm2d(256, eps=1e-05, momentum=0.1, affine=True)
    (relu2): ReLU (inplace)
    (conv3): Conv2d(256, 256, kernel_size=(3, 3), stride=(1, 1), padding=(1, 1))
    (relu3): ReLU (inplace)
    (pooling2): MaxPool2d (size=(2, 2), stride=(2, 1), dilation=(1, 1))
    (conv4): Conv2d(256, 512, kernel_size=(3, 3), stride=(1, 1), padding=(1, 1))
    (batchnorm4): BatchNorm2d(512, eps=1e-05, momentum=0.1, affine=True)
    (relu4): ReLU (inplace)
    (conv5): Conv2d(512, 512, kernel_size=(3, 3), stride=(1, 1), padding=(1, 1))
    (relu5): ReLU (inplace)
    (pooling3): MaxPool2d (size=(2, 2), stride=(2, 1), dilation=(1, 1))
    (conv6): Conv2d(512, 512, kernel_size=(2, 2), stride=(1, 1))
    (batchnorm6): BatchNorm2d(512, eps=1e-05, momentum=0.1, affine=True)
    (relu6): ReLU (inplace)
  )
  (rnn): Sequential (
    (0): BidirectionalLSTM (
      (rnn): LSTM(512, 256, bidirectional=True)
      (embedding): Linear (512 -> 256)
    )
    (1): BidirectionalLSTM (
      (rnn): LSTM(256, 256, bidirectional=True)
      (embedding): Linear (512 -> 112)
    )
  )
)
lr is  1.0
[0/100][50/4454] Loss: 49.381776
[0/100][100/4454] Loss: 38.895987
[0/100][150/4454] Loss: 37.955026
[0/100][200/4454] Loss: 37.023868
[0/100][250/4454] Loss: 36.523725
[0/100][300/4454] Loss: 35.674645
[0/100][350/4454] Loss: 34.326723
[0/100][400/4454] Loss: 31.649855
[0/100][450/4454] Loss: 30.272815
[0/100][500/4454] Loss: 26.395271
[0/100][550/4454] Loss: 21.493766
[0/100][600/4454] Loss: 15.338641
[0/100][650/4454] Loss: 9.568652
[0/100][700/4454] Loss: 6.267297
[0/100][750/4454] Loss: 4.853187
[0/100][800/4454] Loss: 4.061342
[0/100][850/4454] Loss: 3.077263
[0/100][900/4454] Loss: 2.526993
[0/100][950/4454] Loss: 2.231827
[0/100][1000/4454] Loss: 2.177485
Start val
40,0,0,0,0,0,0,0,0,0,0,0,0,12,46,65,57,0,40,15,0,0,55,65,0,0,45,12,0,47,0,49,0,57,0,0,85,13,13,58,0,0,69,15,15,18,0,0,27,58,13,13,58,0,35,0,0,0,0,0,0,0,0,0,65 => 40,12,46,65,57,40,15,55,65,45,12,47,49,57,85,13,58,69,15,18,27,58,13,58,35,65, gt: [40, 12, 31, 65, 45, 40, 15, 51, 65, 35, 20, 12, 48, 49, 65, 45, 85, 13, 19, 47, 69, 15, 51, 79, 45, 13, 76, 35, 65]
51,0,0,0,0,0,0,0,0,0,0,0,0,0,19,0,65,45,0,0,19,19,0,0,48,0,0,65,0,46,0,0,0,34,0,0,25,25,0,0,0,13,20,20,0,14,0,0,45,0,13,13,0,35,0,0,0,0,0,0,0,0,0,0,11 => 51,19,65,45,19,48,65,46,34,25,13,20,14,45,13,35,11, gt: [51, 37, 65, 45, 19, 12, 48, 65, 46, 34, 25, 13, 20, 13, 90, 13, 35, 11]
18,0,0,0,0,0,0,0,0,0,0,0,0,0,0,0,0,0,0,25,0,0,0,0,0,0,0,0,0,46,0,0,13,0,0,19,19,0,0,0,0,0,0,0,0,85,0,0,0,12,0,0,81,0,0,0,0,0,0,0,0,0,0,0,11 => 18,25,46,13,19,85,12,81,11, gt: [18, 25, 55, 13, 19, 85, 12, 81, 11]
20,0,0,0,0,0,0,0,0,0,0,0,0,0,0,0,0,0,85,0,15,15,0,0,20,0,0,19,0,0,0,53,53,0,0,0,12,12,0,19,0,0,0,46,0,12,12,0,0,0,97,15,15,15,0,0,0,0,0,0,0,0,0,0,11 => 20,85,15,20,19,53,12,19,46,12,97,15,11, gt: [20, 85, 15, 20, 19, 53, 12, 19, 46, 12, 97, 15, 11]
44,0,0,0,0,0,0,0,0,0,0,0,0,0,52,52,0,0,0,0,58,58,0,48,0,0,65,0,45,45,0,0,0,69,0,0,0,0,0,13,0,20,0,0,53,53,0,0,15,0,0,18,0,0,0,0,0,0,0,0,0,0,0,0,30 => 44,52,58,48,65,45,69,13,20,53,15,18,30, gt: [44, 52, 58, 48, 65, 45, 70, 13, 20, 53, 15, 18, 30]
Test loss: 2.873341, accuray: 0.812057 51456.0 63365.0
[0/100][1050/4454] Loss: 1.388954
[0/100][1100/4454] Loss: 1.828118
[0/100][1150/4454] Loss: 1.223605
[0/100][1200/4454] Loss: 1.570406
[0/100][1250/4454] Loss: 1.261738
[0/100][1300/4454] Loss: 1.067441
[0/100][1350/4454] Loss: 1.235906
[0/100][1400/4454] Loss: 0.791257
[0/100][1450/4454] Loss: 1.132862
[0/100][1500/4454] Loss: 0.798027
[0/100][1550/4454] Loss: 0.792898
[0/100][1600/4454] Loss: 0.813367
[0/100][1650/4454] Loss: 0.863247
[0/100][1700/4454] Loss: 0.688130
[0/100][1750/4454] Loss: 0.660642
[0/100][1800/4454] Loss: 0.610090
[0/100][1850/4454] Loss: 0.660233
[0/100][1900/4454] Loss: 0.673534
[0/100][1950/4454] Loss: 0.506482
[0/100][2000/4454] Loss: 0.464067
Start val
4,0,0,0,0,0,0,0,0,0,0,0,0,0,0,0,0,0,0,0,0,37,0,0,0,0,0,45,45,0,0,0,0,0,0,0,0,0,0,0,0,0,39,0,0,0,0,0,0,0,0,0,0,0,0,0,0,0,0,0,0,0,0,0,56 => 4,37,45,39,56       , gt: [4, 37, 45, 39, 56] 
18,0,0,0,0,0,0,0,0,0,0,0,0,0,0,0,20,0,0,12,12,0,0,0,53,53,0,0,0,0,0,98,0,0,13,13,45,0,0,0,0,48,0,0,13,13,0,47,0,0,65,65,0,47,0,0,0,0,0,0,0,0,0,0,0 => 18,20,12,53,98,13,45,48,13,47,65,47, gt: [18, 20, 12, 53, 98, 13, 45, 48, 13, 47, 65, 47]
20,0,0,0,0,0,0,0,0,0,0,0,0,0,0,0,0,0,0,0,0,0,0,0,0,0,18,0,0,0,0,0,0,0,0,0,0,10,0,0,0,0,0,0,0,0,0,0,0,0,0,82,82,0,0,0,0,0,0,0,0,0,0,0,65 => 20,18,10,82,65      , gt: [20, 18, 10, 82, 65]
44,0,0,0,0,0,0,0,0,0,0,0,0,0,0,0,0,0,15,15,15,15,0,0,0,0,0,0,0,0,0,0,0,53,0,0,0,0,0,0,0,0,0,0,0,0,0,0,0,0,76,76,0,0,0,0,0,0,0,0,0,0,0,0,0 => 44,15,53,76         , gt: [44, 15, 53, 76]    
19,0,0,0,0,0,0,0,0,0,0,0,0,0,20,0,12,12,0,81,0,0,45,45,0,0,0,65,65,0,69,69,0,15,15,15,0,19,0,0,0,0,0,40,40,40,0,12,12,0,45,45,0,0,0,0,0,0,0,0,0,0,0,0,0 => 19,20,12,81,45,65,69,15,19,40,12,45, gt: [19, 20, 12, 81, 45, 65, 69, 15, 19, 40, 12, 45]
Test loss: 0.715223, accuray: 0.923815 58750.0 63595.0
[0/100][2050/4454] Loss: 0.581974
[0/100][2100/4454] Loss: 0.426060
[0/100][2150/4454] Loss: 0.399017
[0/100][2200/4454] Loss: 0.590939
[0/100][2250/4454] Loss: 0.353784
[0/100][2300/4454] Loss: 0.543218
[0/100][2350/4454] Loss: 0.435455
[0/100][2400/4454] Loss: 0.346206
[0/100][2450/4454] Loss: 0.428482
[0/100][2500/4454] Loss: 0.421021
[0/100][2550/4454] Loss: 0.397022
[0/100][2600/4454] Loss: 0.352378
[0/100][2650/4454] Loss: 0.432097
[0/100][2700/4454] Loss: 0.377524
[0/100][2750/4454] Loss: 0.344432
[0/100][2800/4454] Loss: 0.323910
[0/100][2850/4454] Loss: 0.322072
[0/100][2900/4454] Loss: 0.368392
[0/100][2950/4454] Loss: 0.286122
[0/100][3000/4454] Loss: 0.452889
Start val
35,0,0,0,0,0,0,0,0,0,0,0,0,0,0,0,0,0,0,14,0,0,0,19,0,0,0,45,0,0,0,55,55,65,65,65,55,55,0,65,65,0,55,0,0,0,13,0,0,0,0,0,0,58,58,0,0,0,0,0,0,0,0,0,0 => 35,14,19,45,55,65,55,65,55,13,58, gt: [35, 14, 19, 45, 55, 65, 55, 65, 55, 13, 58]
9,0,0,0,0,0,0,0,0,0,0,0,0,0,0,0,0,0,0,0,0,0,0,0,0,0,46,0,15,15,0,0,0,0,0,47,47,47,0,0,0,0,0,0,0,0,0,0,0,0,71,0,0,0,0,0,0,0,0,0,0,0,0,11,11 => 9,46,15,47,71,11    , gt: [9, 46, 15, 47, 71, 11]
20,0,0,0,0,0,0,0,0,0,0,0,0,0,0,15,15,0,0,0,30,30,15,0,11,11,0,0,0,0,0,0,42,0,0,0,0,0,0,0,0,0,0,0,40,40,0,0,0,0,0,46,0,0,0,0,0,0,0,0,0,0,0,11,11 => 20,15,30,15,11,42,40,46,11, gt: [20, 15, 30, 15, 11, 42, 40, 46, 11]
51,0,0,0,0,0,0,0,0,0,0,0,0,0,0,0,0,0,0,0,11,11,0,0,0,22,22,22,0,0,0,14,0,0,0,0,0,35,0,0,0,0,0,0,0,0,0,0,0,85,85,0,0,0,0,0,0,0,0,0,0,0,0,13,13 => 51,11,22,14,35,85,13, gt: [51, 11, 22, 14, 35, 85, 13]
46,0,0,0,0,0,0,0,0,0,0,0,0,0,0,0,12,0,0,0,0,50,0,0,65,65,0,30,0,0,65,65,0,46,0,0,14,0,45,0,0,0,0,69,69,0,0,0,0,12,12,0,0,0,57,0,0,0,0,0,0,0,0,0,0 => 46,12,50,65,30,65,46,14,45,69,12,57, gt: [46, 12, 50, 65, 30, 65, 46, 14, 45, 69, 12, 57]
Test loss: 0.587692, accuray: 0.919808 58165.0 63236.0
[0/100][3050/4454] Loss: 0.245732
[0/100][3100/4454] Loss: 0.413919
[0/100][3150/4454] Loss: 0.267881
[0/100][3200/4454] Loss: 0.282963
[0/100][3250/4454] Loss: 0.354187
[0/100][3300/4454] Loss: 0.308538
[0/100][3350/4454] Loss: 0.218867
[0/100][3400/4454] Loss: 0.271157
[0/100][3450/4454] Loss: 0.252574
[0/100][3500/4454] Loss: 0.287426
[0/100][3550/4454] Loss: 0.281810
[0/100][3600/4454] Loss: 0.361433
[0/100][3650/4454] Loss: 0.267856
[0/100][3700/4454] Loss: 0.249085
[0/100][3750/4454] Loss: 0.185718
[0/100][3800/4454] Loss: 0.294552
[0/100][3850/4454] Loss: 0.190859
[0/100][3900/4454] Loss: 0.260529
[0/100][3950/4454] Loss: 0.213634
[0/100][4000/4454] Loss: 0.252766
Start val
18,0,0,0,0,0,0,0,0,0,0,0,0,0,0,0,0,18,0,0,0,0,0,0,0,51,0,0,0,0,0,39,0,0,0,13,0,0,20,0,0,0,0,39,39,0,65,65,0,18,18,0,0,0,55,0,0,0,0,0,0,0,0,0,0 => 18,51,39,13,20,39,65,18,55, gt: [18, 18, 51, 39, 13, 20, 39, 65, 18, 55]
20,0,0,0,0,0,0,0,0,0,0,0,0,0,0,0,0,0,12,12,0,0,0,0,0,46,46,0,0,0,12,12,0,0,0,0,0,0,0,0,0,0,0,0,34,34,0,0,0,0,0,0,0,0,0,0,0,0,0,0,0,0,0,0,13 => 20,12,46,12,34,13   , gt: [20, 12, 46, 12, 34, 13]
25,0,0,0,0,0,0,0,0,0,0,0,0,0,16,0,0,0,0,82,0,0,13,0,0,69,0,0,12,12,0,0,0,34,34,0,0,13,0,0,76,0,0,0,13,0,0,81,15,0,0,0,0,82,0,0,0,0,0,0,0,0,0,65,65 => 25,16,82,13,69,12,34,13,76,13,81,15,82,65, gt: [25, 16, 82, 13, 69, 12, 34, 13, 76, 13, 81, 15, 82, 65]
42,0,0,0,0,0,0,0,0,0,0,0,0,0,0,0,0,12,12,38,0,0,0,20,0,0,44,0,0,47,47,0,0,65,65,47,47,0,0,12,12,0,0,35,0,12,0,0,48,0,0,15,0,20,20,0,0,0,0,0,0,0,0,0,0 => 42,12,38,20,44,47,65,47,12,35,12,48,15,20, gt: [42, 12, 38, 20, 44, 47, 65, 47, 12, 35, 12, 48, 15, 20]
19,0,0,0,0,0,0,0,0,0,0,0,0,48,0,37,0,48,0,13,0,52,0,12,46,0,0,85,0,0,13,0,18,0,47,0,0,1,0,0,0,47,0,0,0,12,55,0,43,12,12,48,0,0,39,0,0,0,0,0,0,0,0,0,0 => 19,48,37,48,13,52,12,46,85,13,18,47,1,47,12,55,43,12,48,39, gt: [19, 48, 37, 48, 13, 52, 12, 46, 85, 13, 18, 47, 1, 47, 74, 12, 46, 43, 12, 48, 39]
Test loss: 0.280892, accuray: 0.951251 59886.0 62955.0
[0/100][4050/4454] Loss: 0.210516
[0/100][4100/4454] Loss: 0.184898
[0/100][4150/4454] Loss: 0.215581
[0/100][4200/4454] Loss: 0.220967
[0/100][4250/4454] Loss: 0.263122
[0/100][4300/4454] Loss: 0.210836
[0/100][4350/4454] Loss: 0.258398
[0/100][4400/4454] Loss: 0.301080
[0/100][4450/4454] Loss: 0.228201
[1/100][50/4454] Loss: 0.154339
[1/100][100/4454] Loss: 0.174647
[1/100][150/4454] Loss: 0.203065
[1/100][200/4454] Loss: 0.156059
[1/100][250/4454] Loss: 0.233878
[1/100][300/4454] Loss: 0.149006
[1/100][350/4454] Loss: 0.203197
[1/100][400/4454] Loss: 0.175142
[1/100][450/4454] Loss: 0.215817
[1/100][500/4454] Loss: 0.182573
[1/100][550/4454] Loss: 0.163306
[1/100][600/4454] Loss: 0.198448
[1/100][650/4454] Loss: 0.113094
[1/100][700/4454] Loss: 0.186510
[1/100][750/4454] Loss: 0.182096
[1/100][800/4454] Loss: 0.157113
[1/100][850/4454] Loss: 0.262664
[1/100][900/4454] Loss: 0.133929
[1/100][950/4454] Loss: 0.117829
[1/100][1000/4454] Loss: 0.195236
Start val
slurmstepd: *** JOB 6998 ON gnode22 CANCELLED AT 2017-10-22T20:31:21 ***
