mkdir: cannot create directory ‘expr’: File exists
Random Seed:  4538
using crnn 2 model
Namespace(adadelta=True, adam=False, batchSize=64, beta1=0.9, crnn='', cuda=True, displayInterval=50, experiment='expr', imgH=32, imgW=512, keep_ratio=False, lr=0.0001, manualSeed=4538, n_test_disp=5, ngpu=1, nh=263, niter=25, random_sample=True, saveInterval=10000, trainroot='../train_online/', valInterval=500, valroot='../val_online/', workers=6)
CRNN (
  (relu): ReLU ()
  (conv1a): Conv2d(1, 6, kernel_size=(1, 3), stride=(1, 1), padding=(0, 1))
  (bn1a): BatchNorm2d(6, eps=1e-05, momentum=0.1, affine=True)
  (mp1a): MaxPool2d (size=(1, 3), stride=(1, 2), dilation=(1, 1))
  (conv2a): Conv2d(6, 16, kernel_size=(2, 3), stride=(1, 1))
  (bn2a): BatchNorm2d(16, eps=1e-05, momentum=0.1, affine=True)
  (mp2a): MaxPool2d (size=(1, 3), stride=(1, 2), dilation=(1, 1))
  (cnn): Sequential (
    (conv0): Conv2d(1, 64, kernel_size=(3, 3), stride=(1, 1), padding=(1, 1))
    (relu0): ReLU (inplace)
    (pooling0): MaxPool2d (size=(2, 2), stride=(2, 2), dilation=(1, 1))
    (conv1): Conv2d(64, 128, kernel_size=(3, 3), stride=(1, 1), padding=(1, 1))
    (relu1): ReLU (inplace)
    (pooling1): MaxPool2d (size=(2, 2), stride=(2, 2), dilation=(1, 1))
    (conv2): Conv2d(128, 256, kernel_size=(3, 3), stride=(1, 1), padding=(1, 1))
    (batchnorm2): BatchNorm2d(256, eps=1e-05, momentum=0.1, affine=True)
    (relu2): ReLU (inplace)
    (conv3): Conv2d(256, 256, kernel_size=(3, 3), stride=(1, 1), padding=(1, 1))
    (relu3): ReLU (inplace)
    (pooling2): MaxPool2d (size=(2, 2), stride=(2, 1), dilation=(1, 1))
    (conv4): Conv2d(256, 512, kernel_size=(3, 3), stride=(1, 1), padding=(1, 1))
    (batchnorm4): BatchNorm2d(512, eps=1e-05, momentum=0.1, affine=True)
    (relu4): ReLU (inplace)
    (conv5): Conv2d(512, 512, kernel_size=(3, 3), stride=(1, 1), padding=(1, 1))
    (relu5): ReLU (inplace)
    (pooling3): MaxPool2d (size=(2, 2), stride=(2, 1), dilation=(1, 1))
    (conv6): Conv2d(512, 512, kernel_size=(2, 2), stride=(1, 1))
    (batchnorm6): BatchNorm2d(512, eps=1e-05, momentum=0.1, affine=True)
    (relu6): ReLU (inplace)
  )
  (rnn): Sequential (
    (0): BidirectionalLSTM (
      (rnn): LSTM(528, 263, bidirectional=True)
      (embedding): Linear (526 -> 263)
    )
    (1): BidirectionalLSTM (
      (rnn): LSTM(263, 263, bidirectional=True)
      (embedding): Linear (526 -> 112)
    )
  )
)
[0/25][50/4454] Loss: 58.381874
[0/25][100/4454] Loss: 39.105283
[0/25][150/4454] Loss: 39.225360
[0/25][200/4454] Loss: 38.513557
[0/25][250/4454] Loss: 37.784739
[0/25][300/4454] Loss: 37.301480
[0/25][350/4454] Loss: 35.435794
[0/25][400/4454] Loss: 34.699110
[0/25][450/4454] Loss: 34.145970
[0/25][500/4454] Loss: 32.209320
Start val
1,0,0,0,0,0,0,0,0,0,0,0,0,0,0,0,0,0,0,0,0,0,0,0,0,0,0,0,0,0,0,0,0,0,0,0,0,0,0,0,0,0,0,0,0,0,0,0,0,0,0,0,0,0,0,0,0,0,0,0,0,0,0,0,62,62,62,0,0,0,0,0,0,0,0,0,0,0,0,0,0,0,0,0,0,0,0,0,0,0,0,0,0,0,0,0,0,0,0,0,0,0,0,0,0,0,0,0,0,0,0,0,0,0,0,0,0,0,0,0,0,0,0,0,0,0,0,0,12 => 1,62,12             , gt: [1, 62, 18, 39]     
3,0,0,0,0,0,0,0,0,0,0,0,0,0,0,0,0,0,0,0,0,0,0,0,0,0,0,0,0,0,0,0,0,0,0,0,0,0,0,0,0,0,0,0,0,0,0,0,0,0,0,0,0,0,0,0,0,0,0,0,0,0,0,0,0,0,0,0,15,15,0,0,0,0,0,0,0,0,0,0,0,0,0,0,0,0,0,0,0,0,0,0,0,0,0,0,0,0,0,0,0,0,0,0,0,0,0,0,0,0,0,0,0,0,0,0,0,0,0,0,0,0,0,0,0,0,0,0,13 => 3,15,13             , gt: [3, 95, 15, 44, 35, 14]
39,0,0,0,0,0,0,0,0,0,0,0,0,0,0,0,0,0,0,0,0,0,0,0,0,0,0,0,0,0,0,0,0,0,0,0,0,0,0,0,0,0,0,0,0,0,0,0,0,0,0,0,0,0,0,0,0,0,0,0,0,0,0,0,0,0,0,0,0,0,0,0,0,0,0,0,0,0,0,0,0,0,0,0,0,0,0,0,0,0,0,0,0,0,0,0,0,0,0,0,0,0,0,0,0,0,0,0,0,0,0,0,0,0,0,0,0,0,0,0,0,0,0,0,0,0,0,0,65 => 39,65               , gt: [37, 13, 46, 13, 37, 65, 46, 39, 65]
51,12,0,0,0,0,0,0,0,0,0,0,0,0,0,0,0,0,0,0,0,0,0,0,0,0,0,0,0,0,0,0,0,0,0,0,0,0,0,0,0,0,0,0,0,0,0,0,0,0,0,0,0,0,0,0,0,0,0,0,0,0,0,0,0,0,0,0,0,0,0,0,0,0,0,0,0,0,0,0,0,0,0,0,0,0,0,0,0,0,0,0,0,0,0,0,0,0,0,0,0,0,0,0,0,0,0,0,0,0,0,0,0,0,0,0,0,0,0,0,0,0,0,0,0,0,0,20,59 => 51,12,20,59         , gt: [51, 12, 52, 13, 35, 65, 45, 12, 40, 46, 12, 38, 75, 59]
1,0,0,0,0,0,0,0,0,0,0,0,0,0,0,0,0,0,0,0,0,0,0,0,0,0,0,0,0,0,0,0,0,0,0,0,0,0,0,0,0,0,0,0,0,0,0,0,0,0,0,0,0,0,0,0,0,0,0,0,0,0,0,0,0,0,0,0,0,0,0,0,0,0,0,0,0,0,0,0,0,0,0,0,0,0,0,0,0,0,0,0,0,0,0,0,0,0,0,0,0,0,0,0,0,0,0,0,0,0,0,0,0,0,0,0,0,0,0,0,0,0,0,0,0,0,0,0,58 => 1,58                , gt: [44, 12, 83, 65, 45, 45, 13, 58]
Test loss: 32.400811, accuracy: 0.171692 1098.83066821
[0/25][550/4454] Loss: 30.696255
[0/25][600/4454] Loss: 29.358216
[0/25][650/4454] Loss: 26.837096
[0/25][700/4454] Loss: 23.336640
[0/25][750/4454] Loss: 19.367202
[0/25][800/4454] Loss: 13.555841
[0/25][850/4454] Loss: 9.053641
[0/25][900/4454] Loss: 6.341423
[0/25][950/4454] Loss: 3.655372
[0/25][1000/4454] Loss: 3.518383
Start val
39,0,0,0,0,0,0,0,0,0,0,0,0,0,12,0,0,0,0,0,0,0,0,18,0,51,0,0,0,0,0,0,0,0,0,0,0,0,0,65,0,0,0,0,0,0,0,0,0,0,35,0,0,65,65,0,0,0,0,0,0,0,46,46,0,0,0,0,0,0,14,0,0,0,0,0,0,0,46,0,0,0,0,0,0,0,0,0,0,0,0,0,0,0,16,0,0,0,40,0,0,0,0,0,0,0,0,0,0,0,0,0,0,0,0,0,0,0,0,0,0,75,0,0,0,0,0,0,59 => 39,12,18,51,65,35,65,46,14,46,16,40,75,59, gt: [39, 72, 51, 65, 35, 65, 46, 14, 46, 16, 40, 75, 59]
18,0,0,0,0,0,0,0,0,0,0,0,0,0,0,40,0,0,0,0,0,0,0,0,0,0,12,0,0,0,0,0,0,12,0,0,0,0,0,0,0,0,0,0,0,0,0,0,0,0,53,0,0,0,0,0,0,0,13,0,0,0,0,0,0,0,0,0,0,0,0,0,0,0,0,0,0,0,0,0,0,0,0,0,0,0,0,69,0,0,0,0,0,0,0,0,0,0,46,46,0,0,0,0,0,0,0,0,15,15,0,0,0,0,0,0,0,0,0,0,0,0,0,0,0,35,0,0,65 => 18,40,12,53,13,69,46,15,35,65, gt: [18, 40, 12, 12, 53, 13, 69, 46, 15, 35, 65]
44,0,0,0,0,0,0,0,0,0,0,0,0,0,36,0,0,0,0,0,0,0,0,0,0,0,0,0,97,0,0,0,0,0,0,0,0,0,0,0,0,0,75,0,0,0,0,0,0,0,0,53,0,0,0,0,15,0,0,0,0,0,0,0,0,0,0,0,0,0,0,82,0,0,0,0,12,0,0,0,0,0,0,0,0,0,0,0,0,0,69,0,0,0,0,15,0,0,0,0,0,0,0,0,0,0,0,97,0,0,0,0,0,19,0,0,0,0,0,0,0,0,0,0,0,35,0,0,12 => 44,36,97,75,53,15,82,12,69,15,97,19,35,12, gt: [4, 47, 65, 40, 97, 75, 53, 15, 82, 12, 69, 15, 97, 19, 35, 12]
43,0,0,0,0,0,0,0,0,0,0,0,0,0,0,0,12,0,0,0,0,0,0,0,0,0,0,0,0,42,0,0,0,0,0,0,0,0,0,0,0,0,0,0,0,0,0,0,0,0,35,0,0,0,0,0,65,65,0,0,0,0,0,0,0,0,0,0,45,45,0,0,0,0,0,0,0,0,0,40,0,0,0,0,0,0,0,0,0,65,65,0,0,0,0,0,19,0,0,0,0,0,0,0,0,0,0,0,0,46,0,0,0,0,0,0,0,0,12,0,0,0,0,0,0,0,0,0,11 => 43,12,42,35,65,45,40,65,19,46,12,11, gt: [37, 12, 98, 35, 65, 45, 40, 65, 19, 46, 44, 11]
2,0,0,0,0,0,0,0,0,0,0,0,0,0,0,0,0,0,0,0,0,0,0,0,0,20,0,0,65,0,0,0,0,0,0,0,0,0,44,0,0,0,0,0,13,0,0,0,0,0,0,0,0,0,0,0,0,69,0,0,0,12,0,0,0,0,0,0,18,0,0,0,0,0,0,0,0,0,39,0,0,0,0,0,0,0,0,0,0,0,0,85,0,0,0,15,0,0,0,0,0,0,0,0,0,0,0,0,97,0,0,0,48,0,0,0,0,0,0,0,0,18,0,0,0,0,0,0,55 => 2,20,65,44,13,69,12,18,39,85,15,97,48,18,55, gt: [2, 20, 65, 46, 44, 13, 69, 12, 18, 39, 85, 15, 97, 48, 18, 46]
Test loss: 3.440691, accuracy: 4.146703 26538.8987111
[0/25][1050/4454] Loss: 2.603657
[0/25][1100/4454] Loss: 1.947248
[0/25][1150/4454] Loss: 1.448226
[0/25][1200/4454] Loss: 2.179471
[0/25][1250/4454] Loss: 1.188992
[0/25][1300/4454] Loss: 1.165654
[0/25][1350/4454] Loss: 0.873624
[0/25][1400/4454] Loss: 1.556080
[0/25][1450/4454] Loss: 0.664804
[0/25][1500/4454] Loss: 0.546476
Start val
slurmstepd: *** JOB 8129 ON gnode18 CANCELLED AT 2017-10-25T16:45:30 ***
