mkdir: cannot create directory ‘expr’: File exists
Random Seed:  3596
Namespace(adadelta=True, adam=False, batchSize=64, beta1=0.9, crnn='', cuda=True, displayInterval=50, experiment='expr', imgH=32, imgW=512, keep_ratio=False, lr=0.0001, manualSeed=3596, n_test_disp=5, ngpu=1, nh=256, niter=100, random_sample=True, saveInterval=100000, trainroot='../train/', valInterval=1000, valroot='../val/', workers=6)
CRNN (
  (cnn): Sequential (
    (conv0): Conv2d(1, 64, kernel_size=(3, 3), stride=(1, 1), padding=(1, 1))
    (relu0): ReLU (inplace)
    (pooling0): MaxPool2d (size=(2, 2), stride=(2, 2), dilation=(1, 1))
    (conv1): Conv2d(64, 128, kernel_size=(3, 3), stride=(1, 1), padding=(1, 1))
    (relu1): ReLU (inplace)
    (pooling1): MaxPool2d (size=(2, 2), stride=(2, 2), dilation=(1, 1))
    (conv2): Conv2d(128, 256, kernel_size=(3, 3), stride=(1, 1), padding=(1, 1))
    (batchnorm2): BatchNorm2d(256, eps=1e-05, momentum=0.1, affine=True)
    (relu2): ReLU (inplace)
    (conv3): Conv2d(256, 256, kernel_size=(3, 3), stride=(1, 1), padding=(1, 1))
    (relu3): ReLU (inplace)
    (pooling2): MaxPool2d (size=(2, 2), stride=(2, 1), dilation=(1, 1))
    (conv4): Conv2d(256, 512, kernel_size=(3, 3), stride=(1, 1), padding=(1, 1))
    (batchnorm4): BatchNorm2d(512, eps=1e-05, momentum=0.1, affine=True)
    (relu4): ReLU (inplace)
    (conv5): Conv2d(512, 512, kernel_size=(3, 3), stride=(1, 1), padding=(1, 1))
    (relu5): ReLU (inplace)
    (pooling3): MaxPool2d (size=(2, 2), stride=(2, 1), dilation=(1, 1))
    (conv6): Conv2d(512, 512, kernel_size=(2, 2), stride=(1, 1))
    (batchnorm6): BatchNorm2d(512, eps=1e-05, momentum=0.1, affine=True)
    (relu6): ReLU (inplace)
  )
  (rnn): Sequential (
    (0): BidirectionalLSTM (
      (rnn): LSTM(512, 256, bidirectional=True)
      (embedding): Linear (512 -> 256)
    )
    (1): BidirectionalLSTM (
      (rnn): LSTM(256, 256, bidirectional=True)
      (embedding): Linear (512 -> 112)
    )
  )
)
lr is  1.0
[0/100][50/4454] Loss: 57.081532
[0/100][100/4454] Loss: 39.535931
[0/100][150/4454] Loss: 38.538791
[0/100][200/4454] Loss: 37.230402
[0/100][250/4454] Loss: 37.167786
[0/100][300/4454] Loss: 37.845896
[0/100][350/4454] Loss: 36.739791
[0/100][400/4454] Loss: 36.318148
[0/100][450/4454] Loss: 35.632008
[0/100][500/4454] Loss: 35.283367
[0/100][550/4454] Loss: 34.240023
[0/100][600/4454] Loss: 33.758898
[0/100][650/4454] Loss: 31.235331
[0/100][700/4454] Loss: 27.639224
[0/100][750/4454] Loss: 21.098615
[0/100][800/4454] Loss: 13.427041
[0/100][850/4454] Loss: 7.787991
[0/100][900/4454] Loss: 5.143945
[0/100][950/4454] Loss: 3.306568
[0/100][1000/4454] Loss: 3.482422
Start val
25,0,0,0,0,0,0,0,0,0,0,0,0,0,0,0,0,0,0,0,0,0,0,0,0,0,0,0,0,0,0,0,0,0,0,0,0,0,0,0,0,0,0,0,0,0,0,15,15,0,0,0,0,0,0,0,0,0,0,0,0,0,0,39,39,0,0,0,0,0,0,0,0,0,0,0,0,0,0,0,0,69,69,0,0,0,0,0,0,0,0,0,0,0,0,0,0,0,0,0,0,0,47,47,0,0,0,0,0,0,0,0,0,0,0,0,0,0,0,0,0,0,0,0,0,0,0,0,0 => 25,15,39,69,47      , gt: [25, 15, 39, 69, 47]
9,0,0,0,0,0,0,0,0,0,0,0,0,0,0,0,0,0,0,0,0,0,0,0,0,0,0,0,46,0,0,0,40,40,0,0,0,0,0,16,16,0,57,57,0,0,0,0,0,0,45,0,0,0,0,0,37,0,57,0,0,0,0,0,49,49,0,0,0,0,0,0,0,0,39,39,0,0,0,0,0,44,0,0,12,12,0,0,45,45,0,13,0,0,0,46,46,0,0,15,0,0,0,0,0,0,0,97,0,0,0,0,0,0,0,0,0,0,0,0,0,0,0,0,0,0,0,0,15 => 9,46,40,16,57,45,37,57,49,39,44,12,45,13,46,15,97,15, gt: [9, 46, 40, 16, 57, 104, 37, 57, 49, 39, 44, 12, 45, 13, 46, 15, 97, 15]
22,0,0,0,0,0,0,0,0,0,0,0,0,0,0,0,0,0,0,0,0,0,0,0,0,0,0,0,0,0,0,0,0,0,0,0,0,12,0,57,57,0,0,0,0,0,0,0,0,41,0,0,0,0,0,0,0,0,0,0,0,0,0,0,14,0,0,0,0,0,0,0,0,0,0,0,0,0,58,58,0,0,0,0,0,0,0,0,0,0,0,0,0,0,32,0,0,0,0,0,0,0,0,0,0,0,0,0,0,0,0,0,0,0,0,0,0,0,0,0,0,0,0,0,0,0,0,0,65 => 22,12,57,41,14,58,32,65, gt: [22, 12, 57, 41, 14, 58, 32, 65]
51,0,0,0,0,0,0,0,0,0,0,0,0,0,0,0,0,0,0,0,0,0,0,0,0,0,0,0,0,0,0,65,0,0,0,0,0,0,0,0,0,0,35,0,0,0,0,0,0,19,0,0,0,0,0,12,0,0,0,0,0,0,0,0,35,35,0,65,0,0,0,0,0,0,46,46,0,0,0,0,0,0,0,0,35,0,14,0,0,57,57,0,0,0,0,0,0,0,0,0,0,0,0,86,0,0,0,0,0,0,0,0,0,0,0,0,0,0,0,0,0,0,0,0,0,0,0,0,11 => 51,65,35,19,12,35,65,46,35,14,57,86,11, gt: [51, 65, 35, 19, 12, 35, 65, 46, 35, 14, 57, 86, 11]
40,0,0,0,0,0,0,0,0,0,0,0,0,0,0,0,0,0,0,0,0,0,0,0,0,0,0,0,0,0,0,0,0,0,0,0,0,0,0,0,0,48,0,13,0,0,0,0,0,0,0,0,0,0,0,0,35,0,65,65,0,0,0,0,0,0,46,46,0,0,0,0,0,0,0,0,48,0,0,0,0,0,39,39,0,0,0,0,0,0,0,0,0,0,75,0,0,0,0,0,0,0,0,0,59,59,0,0,0,0,0,0,0,0,0,0,0,0,0,0,0,0,0,0,0,0,0,0,0 => 40,48,13,35,65,46,48,39,75,59, gt: [40, 48, 13, 35, 65, 46, 48, 39, 75, 59]
Test loss: 2.837386, accuray: 0.683954 43163.0 63108.0
[0/100][1050/4454] Loss: 1.728051
[0/100][1100/4454] Loss: 1.733243
[0/100][1150/4454] Loss: 1.624517
[0/100][1200/4454] Loss: 2.039689
[0/100][1250/4454] Loss: 0.894487
[0/100][1300/4454] Loss: 0.987774
[0/100][1350/4454] Loss: 0.796095
[0/100][1400/4454] Loss: 0.908354
[0/100][1450/4454] Loss: 0.728174
[0/100][1500/4454] Loss: 0.713674
[0/100][1550/4454] Loss: 0.616826
[0/100][1600/4454] Loss: 0.542003
[0/100][1650/4454] Loss: 0.657914
[0/100][1700/4454] Loss: 0.579488
[0/100][1750/4454] Loss: 0.434314
[0/100][1800/4454] Loss: 0.417139
[0/100][1850/4454] Loss: 0.453255
[0/100][1900/4454] Loss: 0.510979
[0/100][1950/4454] Loss: 0.364357
[0/100][2000/4454] Loss: 0.451990
Start val
41,0,0,0,0,0,0,0,0,0,0,0,0,0,0,0,0,0,0,0,0,0,0,0,0,0,0,0,0,0,0,0,0,0,0,0,0,0,0,0,0,0,0,0,0,0,12,12,0,0,0,20,20,20,0,0,0,65,65,0,0,0,0,0,30,30,0,0,0,0,0,0,0,0,55,55,55,0,0,0,13,13,0,0,0,0,0,0,0,0,0,0,0,0,0,0,0,69,69,0,0,0,0,0,0,0,0,65,65,0,0,0,0,0,0,0,0,0,0,0,0,0,0,0,0,0,0,0,0 => 41,12,20,65,30,55,13,69,65, gt: [41, 12, 20, 65, 30, 55, 13, 69, 65]
7,0,0,0,0,0,0,0,0,0,0,0,0,0,0,0,0,0,0,0,0,0,0,0,0,0,0,0,0,0,15,15,0,0,0,85,0,0,0,0,0,25,0,0,65,65,0,26,26,0,0,0,0,0,0,0,0,0,0,0,0,39,0,0,15,0,11,0,22,0,0,0,15,15,0,46,46,15,15,0,0,0,48,0,12,0,0,45,45,0,0,0,16,0,0,0,46,0,0,0,0,62,62,0,0,0,0,56,56,0,0,0,0,0,0,0,0,0,0,0,0,0,0,0,0,0,0,0,0 => 7,15,85,25,65,26,39,15,11,22,15,46,15,48,12,45,16,46,62,56, gt: [7, 54, 15, 85, 25, 65, 26, 39, 15, 11, 22, 15, 46, 15, 48, 12, 45, 16, 46, 62, 56]
45,0,0,0,0,0,0,0,0,0,0,0,0,0,0,0,0,0,0,0,0,0,0,0,0,0,0,0,0,0,0,0,0,0,0,0,0,15,15,0,0,0,0,70,0,0,0,0,0,0,0,0,0,13,13,0,0,0,0,0,0,0,0,0,0,0,40,40,40,0,0,0,0,0,0,0,0,65,65,65,0,0,0,0,0,0,46,46,0,0,0,20,20,20,0,0,0,0,12,0,0,0,0,49,0,0,0,0,0,0,0,0,0,0,0,0,0,0,0,0,0,0,0,0,0,0,0,11,11 => 45,15,70,13,40,65,46,20,12,49,11, gt: [45, 15, 70, 13, 40, 65, 46, 20, 12, 49, 11]
37,0,0,0,0,0,0,0,0,0,0,0,0,0,0,0,0,0,0,0,0,0,0,0,0,0,0,0,0,0,0,0,0,0,0,0,12,12,0,0,0,0,0,0,0,0,0,0,0,0,51,51,0,0,0,0,0,0,0,0,0,0,0,0,0,0,0,39,39,39,0,0,0,0,0,0,0,65,65,0,0,0,0,0,0,0,0,18,18,18,0,0,0,0,0,0,0,0,0,0,0,0,0,0,55,55,0,0,0,0,0,0,0,0,0,0,0,0,0,0,0,0,0,0,0,0,0,0,0 => 37,12,51,39,65,18,55, gt: [37, 12, 51, 39, 65, 18, 55]
51,0,0,0,0,0,0,0,0,0,0,0,0,0,0,0,0,0,0,0,0,0,0,0,0,0,0,0,0,0,0,0,0,0,0,0,44,0,0,0,12,12,0,0,0,0,0,0,0,0,0,0,93,0,0,0,0,0,0,0,0,0,46,46,0,0,0,0,0,19,19,19,0,0,0,0,0,0,46,46,0,0,0,0,0,0,0,0,0,21,0,0,0,0,0,20,20,20,0,0,0,0,0,0,59,59,0,0,0,0,0,0,0,0,0,0,0,0,0,0,0,0,0,0,0,0,0,0,0 => 51,44,12,93,46,19,46,21,20,59, gt: [51, 44, 12, 93, 46, 19, 46, 21, 20, 59]
Test loss: 0.368094, accuray: 0.941478 60071.0 63805.0
[0/100][2050/4454] Loss: 0.344041
[0/100][2100/4454] Loss: 0.362912
[0/100][2150/4454] Loss: 0.296379
[0/100][2200/4454] Loss: 0.364907
[0/100][2250/4454] Loss: 0.420975
[0/100][2300/4454] Loss: 0.197380
[0/100][2350/4454] Loss: 0.355370
[0/100][2400/4454] Loss: 0.260656
[0/100][2450/4454] Loss: 0.203647
[0/100][2500/4454] Loss: 0.295681
[0/100][2550/4454] Loss: 0.385317
[0/100][2600/4454] Loss: 0.249945
[0/100][2650/4454] Loss: 0.300327
[0/100][2700/4454] Loss: 0.277382
[0/100][2750/4454] Loss: 0.190153
[0/100][2800/4454] Loss: 0.269000
[0/100][2850/4454] Loss: 0.239629
[0/100][2900/4454] Loss: 0.178733
[0/100][2950/4454] Loss: 0.150861
[0/100][3000/4454] Loss: 0.237321
Start val
51,0,0,0,0,0,0,0,0,0,0,0,0,0,0,0,0,0,0,0,0,0,0,0,0,0,0,0,0,65,65,0,0,0,0,0,0,0,35,0,0,0,0,0,0,0,19,19,0,0,12,12,0,0,0,0,0,0,35,0,0,0,0,65,65,0,0,0,0,0,46,46,0,0,12,0,0,0,0,0,71,0,0,0,0,0,0,0,0,0,0,46,0,0,0,0,0,44,0,0,0,12,0,0,0,0,47,47,0,0,0,0,0,0,0,0,0,0,0,0,0,0,0,0,0,0,0,0,0 => 51,65,35,19,12,35,65,46,12,71,46,44,12,47, gt: [51, 65, 35, 19, 12, 35, 65, 46, 12, 71, 46, 44, 12, 47]
18,0,0,0,0,0,0,0,0,0,0,0,0,0,0,0,0,0,0,0,0,0,0,0,0,0,0,0,0,0,0,20,0,0,0,0,0,12,0,0,0,0,0,75,75,0,0,0,0,15,15,0,0,0,0,19,19,0,0,25,25,0,0,0,0,0,0,0,0,0,0,0,0,0,0,46,46,0,0,0,0,0,0,0,0,0,56,56,0,0,0,0,0,0,0,0,44,44,0,0,0,12,0,0,0,57,57,0,0,0,0,0,0,0,0,0,0,0,0,0,0,0,0,0,0,0,0,0,0 => 18,20,12,75,15,19,25,46,56,44,12,57, gt: [18, 20, 12, 75, 15, 19, 25, 46, 56, 44, 12, 57]
49,0,0,0,0,0,0,0,0,0,0,0,0,0,0,0,0,0,0,0,0,0,0,0,0,0,0,0,0,0,0,0,0,0,0,0,0,0,0,65,65,0,0,0,0,0,0,0,0,46,46,0,0,0,0,0,0,0,0,44,44,0,0,0,13,13,0,0,0,0,0,0,0,0,0,0,0,0,76,76,0,0,13,13,0,0,0,0,0,0,0,0,0,0,47,47,0,65,65,0,0,0,0,0,0,0,0,0,47,47,0,0,0,0,0,0,0,0,0,0,0,0,0,0,0,0,0,0,0 => 49,65,46,44,13,76,13,47,65,47, gt: [49, 65, 46, 44, 13, 76, 13, 47, 65, 47]
22,0,0,0,0,0,0,0,0,0,0,0,0,0,0,0,0,0,0,0,0,0,0,0,0,0,0,0,0,0,0,0,0,0,0,0,0,0,0,19,19,0,0,0,0,12,12,0,0,0,0,40,40,0,0,0,0,0,0,0,0,0,0,0,0,0,0,0,47,47,0,0,0,0,0,69,69,69,0,0,0,0,0,0,0,15,15,0,55,55,0,0,15,15,0,0,0,0,0,0,62,62,62,62,0,0,0,0,0,65,0,0,0,0,0,0,0,0,0,0,0,0,0,0,0,0,0,0,0 => 22,19,12,40,47,69,15,55,15,62,65, gt: [22, 19, 12, 40, 47, 69, 15, 55, 15, 62, 65]
39,0,0,0,0,0,0,0,0,0,0,0,0,0,0,0,0,0,0,0,0,0,0,0,0,0,0,0,0,0,12,0,0,0,0,0,45,0,0,0,0,0,0,0,0,46,46,0,15,15,0,0,18,18,0,0,0,0,30,0,0,0,0,0,0,4,0,0,0,0,0,40,40,0,0,0,0,0,0,0,0,0,0,0,39,0,0,0,65,0,0,0,0,0,45,45,0,0,0,0,0,12,0,0,0,0,0,51,0,0,0,0,0,0,0,0,0,0,0,0,0,0,0,0,0,0,0,11,11 => 39,12,45,46,15,18,30,4,40,39,65,45,12,51,11, gt: [39, 12, 45, 46, 15, 18, 30, 4, 40, 39, 65, 45, 12, 51, 11]
Test loss: 0.319866, accuray: 0.938672 59509.0 63397.0
[0/100][3050/4454] Loss: 0.221289
[0/100][3100/4454] Loss: 0.154445
[0/100][3150/4454] Loss: 0.209064
[0/100][3200/4454] Loss: 0.203743
[0/100][3250/4454] Loss: 0.184225
[0/100][3300/4454] Loss: 0.179279
[0/100][3350/4454] Loss: 0.160840
[0/100][3400/4454] Loss: 0.150701
[0/100][3450/4454] Loss: 0.202308
[0/100][3500/4454] Loss: 0.161956
[0/100][3550/4454] Loss: 0.164884
[0/100][3600/4454] Loss: 0.147757
[0/100][3650/4454] Loss: 0.205862
[0/100][3700/4454] Loss: 0.180348
[0/100][3750/4454] Loss: 0.124114
[0/100][3800/4454] Loss: 0.137950
[0/100][3850/4454] Loss: 0.149251
[0/100][3900/4454] Loss: 0.154350
[0/100][3950/4454] Loss: 0.197792
[0/100][4000/4454] Loss: 0.213806
Start val
25,0,0,0,0,0,0,0,0,0,0,0,0,0,0,0,0,0,0,0,0,0,0,0,0,0,0,0,0,13,13,0,0,0,0,0,0,0,0,0,0,35,35,0,0,0,0,65,65,0,0,0,0,0,46,46,0,0,12,0,0,0,0,0,0,0,0,93,0,0,0,0,0,0,0,46,46,0,0,0,0,0,0,75,75,0,0,0,0,0,0,0,0,18,18,0,0,0,0,0,0,0,0,0,0,0,0,53,53,53,0,0,0,0,0,0,0,0,0,0,0,0,0,0,0,0,0,0,0 => 25,13,35,65,46,12,93,46,75,18,53, gt: [25, 13, 35, 65, 46, 12, 93, 46, 75, 18, 53]
39,0,0,0,0,0,0,0,0,0,0,0,0,0,0,0,0,0,0,0,0,0,0,0,0,0,0,0,0,0,0,0,0,12,12,0,0,18,18,0,0,0,0,0,0,0,0,0,0,0,0,0,53,53,53,0,0,0,0,0,18,18,0,0,0,0,0,0,0,0,0,0,45,45,0,0,0,0,0,0,0,0,0,0,74,74,0,0,0,13,0,0,0,0,0,0,0,0,0,0,47,47,0,0,0,0,0,0,0,0,0,0,0,0,0,0,0,0,0,0,0,0,0,0,0,0,15,15,11 => 39,12,18,53,18,45,74,13,47,15,11, gt: [39, 12, 18, 53, 18, 45, 74, 13, 47, 15, 11]
9,0,0,0,0,0,0,0,0,0,0,0,0,0,0,0,0,0,0,0,0,0,0,0,0,0,0,0,0,0,12,12,0,0,0,0,0,0,0,0,0,0,0,0,34,34,0,0,0,0,0,0,0,0,0,0,0,0,0,0,62,62,62,62,0,0,0,0,0,0,0,16,16,16,0,0,0,0,0,0,69,69,0,0,0,0,0,0,0,0,0,0,0,0,0,0,0,0,0,0,53,53,53,53,0,0,0,0,0,0,0,0,0,0,0,0,0,0,0,0,0,0,0,0,0,0,0,0,11 => 9,12,34,62,16,69,53,11, gt: [9, 12, 34, 62, 16, 69, 53, 11]
20,0,0,0,0,0,0,0,0,0,0,0,0,0,0,0,0,0,0,0,0,0,0,0,0,0,0,0,0,0,0,0,0,0,0,0,0,0,0,12,12,0,0,0,0,0,0,0,0,0,0,0,46,46,46,46,0,0,0,0,0,0,0,12,12,0,0,0,0,0,0,0,0,0,0,0,0,0,0,0,0,0,0,0,0,0,34,34,0,0,0,0,0,0,0,13,13,0,0,0,0,0,0,0,0,0,0,0,0,0,0,0,0,0,0,0,0,0,0,0,0,0,0,0,0,0,0,0,0 => 20,12,46,12,34,13   , gt: [20, 12, 46, 12, 34, 13]
44,0,0,0,0,0,0,0,0,0,0,0,0,0,0,0,0,0,0,0,0,0,0,0,0,0,0,0,0,0,0,0,0,12,12,0,0,0,30,0,0,0,0,0,0,0,0,0,0,0,0,0,0,40,40,0,0,0,0,0,0,0,0,0,0,0,0,0,0,65,65,65,0,0,0,0,0,0,0,0,0,0,46,46,46,0,0,0,0,12,12,0,0,0,0,0,0,0,0,0,0,0,48,48,0,0,0,65,65,0,0,0,0,0,0,0,0,0,0,0,0,0,0,0,0,0,0,0,0 => 44,12,30,40,65,46,12,48,65, gt: [44, 12, 30, 40, 65, 46, 12, 48, 65]
Test loss: 0.204956, accuray: 0.955290 60531.0 63364.0
[0/100][4050/4454] Loss: 0.141206
[0/100][4100/4454] Loss: 0.152538
[0/100][4150/4454] Loss: 0.181018
[0/100][4200/4454] Loss: 0.137222
[0/100][4250/4454] Loss: 0.076045
[0/100][4300/4454] Loss: 0.158793
[0/100][4350/4454] Loss: 0.169731
[0/100][4400/4454] Loss: 0.175556
[0/100][4450/4454] Loss: 0.147696
[1/100][50/4454] Loss: 0.106737
[1/100][100/4454] Loss: 0.127082
[1/100][150/4454] Loss: 0.171198
[1/100][200/4454] Loss: 0.139799
[1/100][250/4454] Loss: 0.094625
[1/100][300/4454] Loss: 0.106771
[1/100][350/4454] Loss: 0.143924
[1/100][400/4454] Loss: 0.091545
[1/100][450/4454] Loss: 0.146523
[1/100][500/4454] Loss: 0.068347
[1/100][550/4454] Loss: 0.077842
[1/100][600/4454] Loss: 0.073270
[1/100][650/4454] Loss: 0.128539
[1/100][700/4454] Loss: 0.115150
[1/100][750/4454] Loss: 0.145502
[1/100][800/4454] Loss: 0.135956
[1/100][850/4454] Loss: 0.120906
[1/100][900/4454] Loss: 0.119000
[1/100][950/4454] Loss: 0.122503
[1/100][1000/4454] Loss: 0.125949
Start val
